<?xml version="1.0" encoding="UTF-8"?>
<testsuite xmlns:xsi="http://www.w3.org/2001/XMLSchema-instance" xsi:noNamespaceSchemaLocation="https://maven.apache.org/surefire/maven-surefire-plugin/xsd/surefire-test-report.xsd" name="com.cgi.laps.demo.SpringBootPaymentsAppTests" time="27.272" tests="2" errors="0" skipped="0" failures="0">
  <properties>
[...]
</properties>
  <testcase name="testGetCustomerAccountsListSuccess" classname="com.cgi.laps.demo.SpringBootPaymentsAppTests" time="0.235"/>
  <testcase name="testGetCustomerAccountSuccess" classname="com.cgi.laps.demo.SpringBootPaymentsAppTests" time="0.133"/>
</testsuite>